I tensorflow/stream_executor/dso_loader.cc:108] successfully opened CUDA library libcublas.so locally
I tensorflow/stream_executor/dso_loader.cc:108] successfully opened CUDA library libcudnn.so locally
I tensorflow/stream_executor/dso_loader.cc:108] successfully opened CUDA library libcufft.so locally
I tensorflow/stream_executor/dso_loader.cc:108] successfully opened CUDA library libcuda.so.1 locally
I tensorflow/stream_executor/dso_loader.cc:108] successfully opened CUDA library libcurand.so locally
RuntimeError: module compiled against API version 0xc but this version of numpy is 0xb
RuntimeError: module compiled against API version 0xc but this version of numpy is 0xb
RuntimeError: module compiled against API version 0xc but this version of numpy is 0xb
RuntimeError: module compiled against API version 0xc but this version of numpy is 0xb
RuntimeError: module compiled against API version 0xc but this version of numpy is 0xb
I tensorflow/core/common_runtime/gpu/gpu_init.cc:102] Found device 0 with properties: 
name: GeForce GTX 1080 Ti
major: 6 minor: 1 memoryClockRate (GHz) 1.582
pciBusID 0000:02:00.0
Total memory: 10.92GiB
Free memory: 10.76GiB
I tensorflow/core/common_runtime/gpu/gpu_init.cc:126] DMA: 0 
I tensorflow/core/common_runtime/gpu/gpu_init.cc:136] 0:   Y 
I tensorflow/core/common_runtime/gpu/gpu_device.cc:839] Creating TensorFlow device (/gpu:0) -> (device: 0, name: GeForce GTX 1080 Ti, pci bus id: 0000:02:00.0)
I tensorflow/core/common_runtime/gpu/pool_allocator.cc:244] PoolAllocator: After 10445 get requests, put_count=3764 evicted_count=1000 eviction_rate=0.265675 and unsatisfied allocation rate=0.74495
I tensorflow/core/common_runtime/gpu/pool_allocator.cc:256] Raising pool_size_limit_ from 100 to 110
I tensorflow/core/common_runtime/gpu/pool_allocator.cc:244] PoolAllocator: After 240 get requests, put_count=2252 evicted_count=2000 eviction_rate=0.888099 and unsatisfied allocation rate=0.00416667
I tensorflow/core/common_runtime/gpu/pool_allocator.cc:256] Raising pool_size_limit_ from 146 to 160
I tensorflow/core/common_runtime/gpu/pool_allocator.cc:244] PoolAllocator: After 3583 get requests, put_count=9602 evicted_count=6000 eviction_rate=0.62487 and unsatisfied allocation rate=0
I tensorflow/core/common_runtime/gpu/pool_allocator.cc:244] PoolAllocator: After 75 get requests, put_count=1096 evicted_count=1000 eviction_rate=0.912409 and unsatisfied allocation rate=0
I tensorflow/core/common_runtime/gpu/pool_allocator.cc:244] PoolAllocator: After 4662 get requests, put_count=2487 evicted_count=1000 eviction_rate=0.402091 and unsatisfied allocation rate=0.688117
I tensorflow/core/common_runtime/gpu/pool_allocator.cc:256] Raising pool_size_limit_ from 372 to 409
I tensorflow/core/common_runtime/gpu/pool_allocator.cc:244] PoolAllocator: After 8920 get requests, put_count=7106 evicted_count=4000 eviction_rate=0.562905 and unsatisfied allocation rate=0.657848
I tensorflow/core/common_runtime/gpu/pool_allocator.cc:256] Raising pool_size_limit_ from 596 to 655
I tensorflow/core/common_runtime/gpu/pool_allocator.cc:244] PoolAllocator: After 11429 get requests, put_count=6029 evicted_count=2000 eviction_rate=0.33173 and unsatisfied allocation rate=0.654388
I tensorflow/core/common_runtime/gpu/pool_allocator.cc:256] Raising pool_size_limit_ from 871 to 958
I tensorflow/core/common_runtime/gpu/pool_allocator.cc:244] PoolAllocator: After 88 get requests, put_count=1215 evicted_count=1000 eviction_rate=0.823045 and unsatisfied allocation rate=0
I tensorflow/core/common_runtime/gpu/pool_allocator.cc:244] PoolAllocator: After 5134 get requests, put_count=13286 evicted_count=8000 eviction_rate=0.602138 and unsatisfied allocation rate=0.00038956
I tensorflow/core/common_runtime/gpu/pool_allocator.cc:244] PoolAllocator: After 166 get requests, put_count=2352 evicted_count=2000 eviction_rate=0.85034 and unsatisfied allocation rate=0
I tensorflow/core/common_runtime/gpu/pool_allocator.cc:244] PoolAllocator: After 96 get requests, put_count=1368 evicted_count=1000 eviction_rate=0.730994 and unsatisfied allocation rate=0
I tensorflow/core/common_runtime/gpu/pool_allocator.cc:244] PoolAllocator: After 23455 get requests, put_count=15204 evicted_count=1000 eviction_rate=0.0657722 and unsatisfied allocation rate=0.414965
I tensorflow/core/common_runtime/gpu/pool_allocator.cc:256] Raising pool_size_limit_ from 5305 to 5835
I tensorflow/core/common_runtime/gpu/pool_allocator.cc:244] PoolAllocator: After 1224 get requests, put_count=2807 evicted_count=1000 eviction_rate=0.356252 and unsatisfied allocation rate=0
I tensorflow/core/common_runtime/gpu/pool_allocator.cc:244] PoolAllocator: After 1512 get requests, put_count=5153 evicted_count=3000 eviction_rate=0.582185 and unsatisfied allocation rate=0
I tensorflow/core/common_runtime/gpu/pool_allocator.cc:244] PoolAllocator: After 46627 get requests, put_count=49879 evicted_count=7000 eviction_rate=0.14034 and unsatisfied allocation rate=0.0970253
I tensorflow/core/common_runtime/gpu/pool_allocator.cc:256] Raising pool_size_limit_ from 8540 to 9394
I tensorflow/core/common_runtime/gpu/pool_allocator.cc:244] PoolAllocator: After 226 get requests, put_count=3259 evicted_count=2000 eviction_rate=0.613685 and unsatisfied allocation rate=0
I tensorflow/core/common_runtime/gpu/pool_allocator.cc:244] PoolAllocator: After 2259 get requests, put_count=6634 evicted_count=3000 eviction_rate=0.452216 and unsatisfied allocation rate=0
I tensorflow/core/common_runtime/gpu/pool_allocator.cc:244] PoolAllocator: After 11397 get requests, put_count=25772 evicted_count=13000 eviction_rate=0.504423 and unsatisfied allocation rate=0
I tensorflow/core/common_runtime/gpu/pool_allocator.cc:244] PoolAllocator: After 18407 get requests, put_count=42782 evicted_count=23000 eviction_rate=0.537609 and unsatisfied allocation rate=0
I tensorflow/core/common_runtime/gpu/pool_allocator.cc:244] PoolAllocator: After 3241 get requests, put_count=6455 evicted_count=1000 eviction_rate=0.154919 and unsatisfied allocation rate=0
I tensorflow/core/common_runtime/gpu/pool_allocator.cc:244] PoolAllocator: After 4437 get requests, put_count=8872 evicted_count=2000 eviction_rate=0.225428 and unsatisfied allocation rate=0
I tensorflow/core/common_runtime/gpu/pool_allocator.cc:244] PoolAllocator: After 2449885 get requests, put_count=2449897 evicted_count=4000 eviction_rate=0.00163272 and unsatisfied allocation rate=0.00272135
I tensorflow/core/common_runtime/gpu/pool_allocator.cc:244] PoolAllocator: After 2143 get requests, put_count=7090 evicted_count=2000 eviction_rate=0.282087 and unsatisfied allocation rate=0
I tensorflow/core/common_runtime/gpu/pool_allocator.cc:244] PoolAllocator: After 3748640 get requests, put_count=3753970 evicted_count=4000 eviction_rate=0.00106554 and unsatisfied allocation rate=0.000510052
I tensorflow/core/common_runtime/gpu/pool_allocator.cc:244] PoolAllocator: After 11707915 get requests, put_count=11710845 evicted_count=14000 eviction_rate=0.00119547 and unsatisfied allocation rate=0.00122242
I tensorflow/core/common_runtime/gpu/pool_allocator.cc:244] PoolAllocator: After 26360093 get requests, put_count=26363852 evicted_count=24000 eviction_rate=0.000910337 and unsatisfied allocation rate=0.000890854
I tensorflow/core/common_runtime/gpu/pool_allocator.cc:244] PoolAllocator: After 34925695 get requests, put_count=34928936 evicted_count=34000 eviction_rate=0.000973405 and unsatisfied allocation rate=0.000973524
I tensorflow/core/common_runtime/gpu/pool_allocator.cc:244] PoolAllocator: After 44221935 get requests, put_count=44227565 evicted_count=44000 eviction_rate=0.000994855 and unsatisfied allocation rate=0.000940981
I tensorflow/core/common_runtime/gpu/pool_allocator.cc:244] PoolAllocator: After 53756454 get requests, put_count=53761844 evicted_count=54000 eviction_rate=0.00100443 and unsatisfied allocation rate=0.000964573
I tensorflow/core/common_runtime/gpu/pool_allocator.cc:244] PoolAllocator: After 64306686 get requests, put_count=64311523 evicted_count=64000 eviction_rate=0.000995156 and unsatisfied allocation rate=0.000970428
I tensorflow/core/common_runtime/gpu/pool_allocator.cc:244] PoolAllocator: After 77363955 get requests, put_count=77369585 evicted_count=74000 eviction_rate=0.000956448 and unsatisfied allocation rate=0.000925651
I tensorflow/core/common_runtime/gpu/pool_allocator.cc:244] PoolAllocator: After 84177104 get requests, put_count=84182333 evicted_count=84000 eviction_rate=0.000997834 and unsatisfied allocation rate=0.000974291
I tensorflow/core/common_runtime/gpu/pool_allocator.cc:244] PoolAllocator: After 95680358 get requests, put_count=95683472 evicted_count=94000 eviction_rate=0.000982406 and unsatisfied allocation rate=0.000983776
I tensorflow/core/common_runtime/gpu/pool_allocator.cc:244] PoolAllocator: After 103963184 get requests, put_count=103967146 evicted_count=104000 eviction_rate=0.00100032 and unsatisfied allocation rate=0.000993429
I tensorflow/core/common_runtime/gpu/pool_allocator.cc:244] PoolAllocator: After 114788655 get requests, put_count=114794273 evicted_count=114000 eviction_rate=0.000993081 and unsatisfied allocation rate=0.000972431
I tensorflow/core/common_runtime/gpu/pool_allocator.cc:244] PoolAllocator: After 123687822 get requests, put_count=123693430 evicted_count=124000 eviction_rate=0.00100248 and unsatisfied allocation rate=0.000983395
I tensorflow/core/common_runtime/gpu/pool_allocator.cc:244] PoolAllocator: After 136994042 get requests, put_count=136999675 evicted_count=134000 eviction_rate=0.000978105 and unsatisfied allocation rate=0.000960691
